<?xml version="1.0" encoding="UTF-8"?>
<!-- Generated by org.testng.reporters.JUnitReportReporter -->
<testsuite skipped="0" hostname="PCIN468789" name="com.selenium.datadriven.framework.logintest.LoginTest" tests="3" failures="0" timestamp="2020-10-26T13:12:22 IST" time="79.676" errors="0">
  <testcase name="testOne" time="24.443" classname="com.selenium.datadriven.framework.logintest.LoginTest"/>
  <system-out/>
  <testcase name="testOne" time="27.122" classname="com.selenium.datadriven.framework.logintest.LoginTest"/>
  <system-out/>
  <testcase name="testOne" time="28.111" classname="com.selenium.datadriven.framework.logintest.LoginTest"/>
  <system-out/>
</testsuite> <!-- com.selenium.datadriven.framework.logintest.LoginTest -->
